<?xml version="1.0" encoding="UTF-8"?>
<!-- Generated by org.testng.reporters.JUnitReportReporter -->
<testsuite hostname="LAPTOP-911PMT28" failures="0" tests="1" name="SDETProject1.Tests.StandAloneTestChanges" time="17.725" errors="0" timestamp="2024-03-23T13:24:59 IST" skipped="0">
  <testcase classname="SDETProject1.Tests.StandAloneTestChanges" name="submitOrder" time="17.725"/>
</testsuite> <!-- SDETProject1.Tests.StandAloneTestChanges -->
