<?xml version="1.0" encoding="UTF-8"?>
<!-- Generated by org.testng.reporters.JUnitReportReporter -->
<testsuite hostname="LAPTOP-911PMT28" failures="0" tests="3" name="SDETProject1.Tests.SubmitOrderTest" time="35.936" errors="0" timestamp="2024-04-11T17:14:56 IST" skipped="0">
  <testcase classname="SDETProject1.Tests.SubmitOrderTest" name="submitOrder" time="16.459"/>
  <testcase classname="SDETProject1.Tests.SubmitOrderTest" name="submitOrder" time="16.784"/>
  <testcase classname="SDETProject1.Tests.SubmitOrderTest" name="orderHistoryTest" time="2.693"/>
</testsuite> <!-- SDETProject1.Tests.SubmitOrderTest -->
