<?xml version="1.0" encoding="UTF-8"?>
<!-- Generated by org.testng.reporters.JUnitReportReporter -->
<testsuite hostname="LAPTOP-911PMT28" failures="0" tests="1" name="Cucumber.TestNGTestRunner" time="17.562" errors="0" timestamp="2024-04-11T19:49:26 IST" skipped="0">
  <testcase classname="Cucumber.TestNGTestRunner" name="runScenario" time="17.562"/>
</testsuite> <!-- Cucumber.TestNGTestRunner -->
