<?xml version="1.0" encoding="UTF-8"?>
<!-- Generated by org.testng.reporters.JUnitReportReporter -->
<testsuite hostname="LAPTOP-911PMT28" failures="0" tests="1" name="SDETProject1.Tests.ErrorValidations" time="2.778" errors="0" timestamp="2024-03-23T17:50:16 IST" skipped="0">
  <testcase classname="SDETProject1.Tests.ErrorValidations" name="submitOrder" time="2.778"/>
</testsuite> <!-- SDETProject1.Tests.ErrorValidations -->
