<?xml version="1.0" encoding="UTF-8"?>
<!-- Generated by org.testng.reporters.JUnitReportReporter -->
<testsuite hostname="LAPTOP-911PMT28" failures="0" tests="2" name="SDETProject1.Tests.ErrorValidationsTest" time="20.602" errors="0" timestamp="2024-04-11T19:54:47 IST" skipped="0">
  <testcase classname="SDETProject1.Tests.ErrorValidationsTest" name="productErrorValidation" time="17.173"/>
  <testcase classname="SDETProject1.Tests.ErrorValidationsTest" name="loginErrorValidation" time="3.429"/>
</testsuite> <!-- SDETProject1.Tests.ErrorValidationsTest -->
