<?xml version="1.0" encoding="UTF-8"?>
<!-- Generated by org.testng.reporters.JUnitReportReporter -->
<testsuite hostname="LAPTOP-911PMT28" failures="0" tests="1" name="Cucumber.TestNGTestRunner" time="19.796" errors="0" timestamp="2024-04-11T19:54:47 IST" skipped="0">
  <testcase classname="Cucumber.TestNGTestRunner" name="runScenario" time="19.796"/>
</testsuite> <!-- Cucumber.TestNGTestRunner -->
